This is XeTeX, Version 3.14159265-2.6-0.99996 (TeX Live 2016/W32TeX) (preloaded format=xelatex 2017.6.2)  6 JUL 2017 02:15
entering extended mode
 restricted \write18 enabled.
 %&-line parsing enabled.
**./arabicwords.tex
(./arabicwords.tex
LaTeX2e <2017/01/01> patch level 3
Babel <3.9r> and hyphenation patterns for 83 language(s) loaded.
)
! Emergency stop.
<*> ./arabicwords.tex
                     
*** (job aborted, no legal \end found)

 
Here is how much of TeX's memory you used:
 27 strings out of 493068
 195 string characters out of 6138949
 55792 words of memory out of 5000000
 4047 multiletter control sequences out of 15000+600000
 3640 words of font info for 14 fonts, out of 8000000 for 9000
 1347 hyphenation exceptions out of 8191
 7i,0n,6p,74b,8s stack positions out of 5000i,500n,10000p,200000b,80000s
No pages of output.
